Using pre-set license
Built from '2021.3/staging' branch; Version is '2021.3.21f1 (1b156197d683) revision 1774945'; Using compiler version '192829333'; Build Type 'Release'
OS: 'Windows 10  (10.0.19045) 64bit Core' Language: 'ko' Physical Memory: 16293 MB
BatchMode: 1, IsHumanControllingUs: 0, StartBugReporterOnCrash: 0, Is64bit: 1, IsPro: 1

COMMAND LINE ARGUMENTS:
C:\Program Files\Unity\Hub\Editor\2021.3.21f1\Editor\Unity.exe
-adb2
-batchMode
-noUpm
-name
AssetImportWorker0
-projectPath
C:/Users/jsh99/Desktop/capstone/GUIManager/GUIManager/GUIManager
-logFile
Logs/AssetImportWorker0.log
-srvPort
54926
Successfully changed project path to: C:/Users/jsh99/Desktop/capstone/GUIManager/GUIManager/GUIManager
C:/Users/jsh99/Desktop/capstone/GUIManager/GUIManager/GUIManager
[UnityMemory] Configuration Parameters - Can be set up in boot.config
    "memorysetup-bucket-allocator-granularity=16"
    "memorysetup-bucket-allocator-bucket-count=8"
    "memorysetup-bucket-allocator-block-size=33554432"
    "memorysetup-bucket-allocator-block-count=8"
    "memorysetup-main-allocator-block-size=16777216"
    "memorysetup-thread-allocator-block-size=16777216"
    "memorysetup-gfx-main-allocator-block-size=16777216"
    "memorysetup-gfx-thread-allocator-block-size=16777216"
    "memorysetup-cache-allocator-block-size=4194304"
    "memorysetup-typetree-allocator-block-size=2097152"
    "memorysetup-profiler-bucket-allocator-granularity=16"
    "memorysetup-profiler-bucket-allocator-bucket-count=8"
    "memorysetup-profiler-bucket-allocator-block-size=33554432"
    "memorysetup-profiler-bucket-allocator-block-count=8"
    "memorysetup-profiler-allocator-block-size=16777216"
    "memorysetup-profiler-editor-allocator-block-size=1048576"
    "memorysetup-temp-allocator-size-main=16777216"
    "memorysetup-job-temp-allocator-block-size=2097152"
    "memorysetup-job-temp-allocator-block-size-background=1048576"
    "memorysetup-job-temp-allocator-reduction-small-platforms=262144"
    "memorysetup-temp-allocator-size-background-worker=32768"
    "memorysetup-temp-allocator-size-job-worker=262144"
    "memorysetup-temp-allocator-size-preload-manager=33554432"
    "memorysetup-temp-allocator-size-nav-mesh-worker=65536"
    "memorysetup-temp-allocator-size-audio-worker=65536"
    "memorysetup-temp-allocator-size-cloud-worker=32768"
    "memorysetup-temp-allocator-size-gi-baking-worker=262144"
    "memorysetup-temp-allocator-size-gfx=262144"
Player connection [17032] Host "[IP] 192.168.0.2 [Port] 0 [Flags] 2 [Guid] 3171514014 [EditorId] 3171514014 [Version] 1048832 [Id] WindowsEditor(7,DESKTOP-LMQ1JNP) [Debug] 1 [PackageName] WindowsEditor [ProjectName] Editor" joined multi-casting on [225.0.0.222:54997]...

Player connection [17032] Host "[IP] 192.168.0.2 [Port] 0 [Flags] 2 [Guid] 3171514014 [EditorId] 3171514014 [Version] 1048832 [Id] WindowsEditor(7,DESKTOP-LMQ1JNP) [Debug] 1 [PackageName] WindowsEditor [ProjectName] Editor" joined alternative multi-casting on [225.0.0.222:34997]...

Refreshing native plugins compatible for Editor in 98.03 ms, found 3 plugins.
Preloading 0 native plugins for Editor in 0.00 ms.
Initialize engine version: 2021.3.21f1 (1b156197d683)
[Subsystems] Discovering subsystems at path C:/Program Files/Unity/Hub/Editor/2021.3.21f1/Editor/Data/Resources/UnitySubsystems
[Subsystems] Discovering subsystems at path C:/Users/jsh99/Desktop/capstone/GUIManager/GUIManager/GUIManager/Assets
GfxDevice: creating device client; threaded=0; jobified=0
Direct3D:
    Version:  Direct3D 11.0 [level 11.1]
    Renderer: NVIDIA GeForce GTX 1050 (ID=0x1c8d)
    Vendor:   NVIDIA
    VRAM:     4020 MB
    Driver:   31.0.15.3598
Initialize mono
Mono path[0] = 'C:/Program Files/Unity/Hub/Editor/2021.3.21f1/Editor/Data/Managed'
Mono path[1] = 'C:/Program Files/Unity/Hub/Editor/2021.3.21f1/Editor/Data/MonoBleedingEdge/lib/mono/unityjit-win32'
Mono config path = 'C:/Program Files/Unity/Hub/Editor/2021.3.21f1/Editor/Data/MonoBleedingEdge/etc'
Using monoOptions --debugger-agent=transport=dt_socket,embedding=1,server=y,suspend=n,address=127.0.0.1:56024
Begin MonoManager ReloadAssembly
Registering precompiled unity dll's ...
Register platform support module: C:/Program Files/Unity/Hub/Editor/2021.3.21f1/Editor/Data/PlaybackEngines/WindowsStandaloneSupport/UnityEditor.WindowsStandalone.Extensions.dll
Registered in 0.009111 seconds.
Native extension for WindowsStandalone target not found
Refreshing native plugins compatible for Editor in 190.10 ms, found 3 plugins.
Preloading 0 native plugins for Editor in 0.00 ms.
Mono: successfully reloaded assembly
- Completed reload, in  0.989 seconds
Domain Reload Profiling:
	ReloadAssembly (990ms)
		BeginReloadAssembly (112ms)
			ExecutionOrderSort (0ms)
			DisableScriptedObjects (0ms)
			BackupInstance (0ms)
			ReleaseScriptingObjects (0ms)
			CreateAndSetChildDomain (1ms)
		EndReloadAssembly (748ms)
			LoadAssemblies (108ms)
			RebuildTransferFunctionScriptingTraits (0ms)
			SetupTypeCache (142ms)
			ReleaseScriptCaches (0ms)
			RebuildScriptCaches (54ms)
			SetupLoadedEditorAssemblies (482ms)
				LogAssemblyErrors (0ms)
				InitializePlatformSupportModulesInManaged (20ms)
				SetLoadedEditorAssemblies (1ms)
				RefreshPlugins (190ms)
				BeforeProcessingInitializeOnLoad (2ms)
				ProcessInitializeOnLoadAttributes (204ms)
				ProcessInitializeOnLoadMethodAttributes (66ms)
				AfterProcessingInitializeOnLoad (0ms)
				EditorAssembliesLoaded (0ms)
			ExecutionOrderSort2 (0ms)
			AwakeInstancesAfterBackupRestoration (0ms)
Platform modules already initialized, skipping
Registering precompiled user dll's ...
Registered in 0.006789 seconds.
Begin MonoManager ReloadAssembly
Symbol file LoadedFromMemory doesn't match image C:\Users\jsh99\Desktop\capstone\GUIManager\GUIManager\GUIManager\Library\PackageCache\com.unity.visualscripting@1.8.0\Editor\VisualScripting.Core\Dependencies\YamlDotNet\Unity.VisualScripting.YamlDotNet.dll
Symbol file LoadedFromMemory doesn't match image C:\Users\jsh99\Desktop\capstone\GUIManager\GUIManager\GUIManager\Library\PackageCache\com.unity.visualscripting@1.8.0\Editor\VisualScripting.Core\Dependencies\DotNetZip\Unity.VisualScripting.IonicZip.dll
Native extension for WindowsStandalone target not found
Refreshing native plugins compatible for Editor in 0.54 ms, found 3 plugins.
Preloading 0 native plugins for Editor in 0.00 ms.
Mono: successfully reloaded assembly
- Completed reload, in  1.294 seconds
Domain Reload Profiling:
	ReloadAssembly (1295ms)
		BeginReloadAssembly (154ms)
			ExecutionOrderSort (0ms)
			DisableScriptedObjects (8ms)
			BackupInstance (0ms)
			ReleaseScriptingObjects (0ms)
			CreateAndSetChildDomain (21ms)
		EndReloadAssembly (997ms)
			LoadAssemblies (107ms)
			RebuildTransferFunctionScriptingTraits (0ms)
			SetupTypeCache (355ms)
			ReleaseScriptCaches (1ms)
			RebuildScriptCaches (70ms)
			SetupLoadedEditorAssemblies (433ms)
				LogAssemblyErrors (0ms)
				InitializePlatformSupportModulesInManaged (7ms)
				SetLoadedEditorAssemblies (1ms)
				RefreshPlugins (1ms)
				BeforeProcessingInitializeOnLoad (121ms)
				ProcessInitializeOnLoadAttributes (271ms)
				ProcessInitializeOnLoadMethodAttributes (23ms)
				AfterProcessingInitializeOnLoad (10ms)
				EditorAssembliesLoaded (0ms)
			ExecutionOrderSort2 (0ms)
			AwakeInstancesAfterBackupRestoration (8ms)
Platform modules already initialized, skipping
========================================================================
Worker process is ready to serve import requests
Launched and connected shader compiler UnityShaderCompiler.exe after 0.05 seconds
Refreshing native plugins compatible for Editor in 0.88 ms, found 3 plugins.
Preloading 0 native plugins for Editor in 0.00 ms.
Unloading 3051 Unused Serialized files (Serialized files now loaded: 0)
Unloading 24 unused Assets / (113.3 KB). Loaded Objects now: 3511.
Memory consumption went from 107.5 MB to 107.4 MB.
Total: 3.409800 ms (FindLiveObjects: 0.290000 ms CreateObjectMapping: 0.234500 ms MarkObjects: 2.766900 ms  DeleteObjects: 0.117300 ms)

AssetImportParameters requested are different than current active one (requested -> active):
  custom:video-decoder-ogg-theora: a1e56fd34408186e4bbccfd4996cb3dc -> 
  custom:container-muxer-webm: aa71ff27fc2769a1b78a27578f13a17b -> 
  custom:container-demuxer-webm: 4f35f7cbe854078d1ac9338744f61a02 -> 
  custom:video-encoder-webm-vp8: eb34c28f22e8b96e1ab97ce403110664 -> 
  custom:audio-encoder-webm-vorbis: bf7c407c2cedff20999df2af8eb42d56 -> 
  custom:framework-win-MediaFoundation: 216162199b28c13a410421893ffa2e32 -> 
  custom:container-demuxer-ogg: 62fdf1f143b41e24485cea50d1cbac27 -> 
  custom:video-decoder-webm-vp8: 9c59270c3fd7afecdb556c50c9e8de78 -> 
  custom:audio-decoder-ogg-vorbis: bf7c407c2cedff20999df2af8eb42d56 -> 
========================================================================
Received Import Request.
  Time since last request: 80346.816078 seconds.
  path: Assets/Script/GUIManager/Prefab
  artifactKey: Guid(ee084d33e802e0a4fa5ba6739b9ae771) Importer(815301076,1909f56bfc062723c751e8b465ee728b)
Start importing Assets/Script/GUIManager/Prefab using Guid(ee084d33e802e0a4fa5ba6739b9ae771) Importer(815301076,1909f56bfc062723c751e8b465ee728b)  -> (artifact id: '8aed39f5e4ba47022c4b2bf59e8c8669') in 0.014384 seconds 
========================================================================
Received Import Request.
  Time since last request: 0.000028 seconds.
  path: Assets/Script/GUIManager/GUIManager.prefab
  artifactKey: Guid(77f999fc216a6fc4d9488e120fc58c7d) Importer(815301076,1909f56bfc062723c751e8b465ee728b)
Start importing Assets/Script/GUIManager/GUIManager.prefab using Guid(77f999fc216a6fc4d9488e120fc58c7d) Importer(815301076,1909f56bfc062723c751e8b465ee728b)  -> (artifact id: 'ada60e5037e1236d2624c5662492be46') in 0.064831 seconds 
========================================================================
Received Import Request.
  Time since last request: 12.056615 seconds.
  path: Assets/Script/GUIManager/Script/GUIManager.cs
  artifactKey: Guid(7eff09b49d126eb42ac4800393671c01) Importer(815301076,1909f56bfc062723c751e8b465ee728b)
Start importing Assets/Script/GUIManager/Script/GUIManager.cs using Guid(7eff09b49d126eb42ac4800393671c01) Importer(815301076,1909f56bfc062723c751e8b465ee728b)  -> (artifact id: '5ceb6d7aecfbee644c67ad382a057077') in 0.005975 seconds 
========================================================================
Received Import Request.
  Time since last request: 19.809315 seconds.
  path: Assets/Script/GUIManager/Script/GUIManager.cs
  artifactKey: Guid(7eff09b49d126eb42ac4800393671c01) Importer(815301076,1909f56bfc062723c751e8b465ee728b)
Start importing Assets/Script/GUIManager/Script/GUIManager.cs using Guid(7eff09b49d126eb42ac4800393671c01) Importer(815301076,1909f56bfc062723c751e8b465ee728b)  -> (artifact id: '6d09b2be56a51d4fc524b830b6ff8b3d') in 0.040863 seconds 
========================================================================
Received Import Request.
  Time since last request: 9.737295 seconds.
  path: Assets/Script/GUIManager/Script/GUIManager.cs
  artifactKey: Guid(7eff09b49d126eb42ac4800393671c01) Importer(815301076,1909f56bfc062723c751e8b465ee728b)
Start importing Assets/Script/GUIManager/Script/GUIManager.cs using Guid(7eff09b49d126eb42ac4800393671c01) Importer(815301076,1909f56bfc062723c751e8b465ee728b)  -> (artifact id: 'fc320b482c23137b0ae28c6597513996') in 0.003802 seconds 
========================================================================
Received Prepare
Registering precompiled user dll's ...
Registered in 0.006332 seconds.
Begin MonoManager ReloadAssembly
Symbol file LoadedFromMemory doesn't match image C:\Users\jsh99\Desktop\capstone\GUIManager\GUIManager\GUIManager\Library\PackageCache\com.unity.visualscripting@1.8.0\Editor\VisualScripting.Core\Dependencies\YamlDotNet\Unity.VisualScripting.YamlDotNet.dll
Symbol file LoadedFromMemory doesn't match image C:\Users\jsh99\Desktop\capstone\GUIManager\GUIManager\GUIManager\Library\PackageCache\com.unity.visualscripting@1.8.0\Editor\VisualScripting.Core\Dependencies\DotNetZip\Unity.VisualScripting.IonicZip.dll
Native extension for WindowsStandalone target not found
Refreshing native plugins compatible for Editor in 0.78 ms, found 3 plugins.
Preloading 0 native plugins for Editor in 0.00 ms.
Mono: successfully reloaded assembly
- Completed reload, in  1.478 seconds
Domain Reload Profiling:
	ReloadAssembly (1478ms)
		BeginReloadAssembly (328ms)
			ExecutionOrderSort (0ms)
			DisableScriptedObjects (11ms)
			BackupInstance (0ms)
			ReleaseScriptingObjects (0ms)
			CreateAndSetChildDomain (87ms)
		EndReloadAssembly (1013ms)
			LoadAssemblies (196ms)
			RebuildTransferFunctionScriptingTraits (0ms)
			SetupTypeCache (438ms)
			ReleaseScriptCaches (1ms)
			RebuildScriptCaches (46ms)
			SetupLoadedEditorAssemblies (376ms)
				LogAssemblyErrors (0ms)
				InitializePlatformSupportModulesInManaged (7ms)
				SetLoadedEditorAssemblies (0ms)
				RefreshPlugins (1ms)
				BeforeProcessingInitializeOnLoad (90ms)
				ProcessInitializeOnLoadAttributes (246ms)
				ProcessInitializeOnLoadMethodAttributes (22ms)
				AfterProcessingInitializeOnLoad (10ms)
				EditorAssembliesLoaded (0ms)
			ExecutionOrderSort2 (0ms)
			AwakeInstancesAfterBackupRestoration (8ms)
Platform modules already initialized, skipping
Refreshing native plugins compatible for Editor in 1.82 ms, found 3 plugins.
Preloading 0 native plugins for Editor in 0.00 ms.
Unloading 3046 Unused Serialized files (Serialized files now loaded: 0)
Unloading 17 unused Assets / (79.9 KB). Loaded Objects now: 3515.
Memory consumption went from 107.5 MB to 107.4 MB.
Total: 2.886300 ms (FindLiveObjects: 0.233200 ms CreateObjectMapping: 0.146400 ms MarkObjects: 2.419200 ms  DeleteObjects: 0.086600 ms)

AssetImportParameters requested are different than current active one (requested -> active):
  custom:video-decoder-ogg-theora: a1e56fd34408186e4bbccfd4996cb3dc -> 
  custom:container-muxer-webm: aa71ff27fc2769a1b78a27578f13a17b -> 
  custom:container-demuxer-webm: 4f35f7cbe854078d1ac9338744f61a02 -> 
  custom:video-encoder-webm-vp8: eb34c28f22e8b96e1ab97ce403110664 -> 
  custom:audio-encoder-webm-vorbis: bf7c407c2cedff20999df2af8eb42d56 -> 
  custom:framework-win-MediaFoundation: 216162199b28c13a410421893ffa2e32 -> 
  custom:container-demuxer-ogg: 62fdf1f143b41e24485cea50d1cbac27 -> 
  custom:video-decoder-webm-vp8: 9c59270c3fd7afecdb556c50c9e8de78 -> 
  custom:audio-decoder-ogg-vorbis: bf7c407c2cedff20999df2af8eb42d56 -> 
========================================================================
Received Import Request.
  Time since last request: 98.501288 seconds.
  path: Assets/Script/GUIManager/Texture
  artifactKey: Guid(9b5b6fc034f034747b820f9e6fe98cf5) Importer(815301076,1909f56bfc062723c751e8b465ee728b)
Start importing Assets/Script/GUIManager/Texture using Guid(9b5b6fc034f034747b820f9e6fe98cf5) Importer(815301076,1909f56bfc062723c751e8b465ee728b)  -> (artifact id: '165bbdb6374ea041888ebf73f77b2156') in 0.017462 seconds 
========================================================================
Received Import Request.
  Time since last request: 0.315626 seconds.
  path: Assets/Script/GUIManager/GUIManager.prefab
  artifactKey: Guid(77f999fc216a6fc4d9488e120fc58c7d) Importer(815301076,1909f56bfc062723c751e8b465ee728b)
Start importing Assets/Script/GUIManager/GUIManager.prefab using Guid(77f999fc216a6fc4d9488e120fc58c7d) Importer(815301076,1909f56bfc062723c751e8b465ee728b)  -> (artifact id: '4d8fb2ad1192144e06a6e31030f440b1') in 0.029254 seconds 
========================================================================
Received Import Request.
  Time since last request: 114.465560 seconds.
  path: Assets/Script/GUIManager/Prefab/SampleGUI.prefab
  artifactKey: Guid(570b6fee700ce7e4fb2a945352efd3d8) Importer(815301076,1909f56bfc062723c751e8b465ee728b)
Start importing Assets/Script/GUIManager/Prefab/SampleGUI.prefab using Guid(570b6fee700ce7e4fb2a945352efd3d8) Importer(815301076,1909f56bfc062723c751e8b465ee728b)  -> (artifact id: '163360c830f56ababb19811bad1fed8b') in 0.026017 seconds 
========================================================================
Received Import Request.
  Time since last request: 27.153446 seconds.
  path: Assets/Script/GUIManager/Prefab/SampleGUI.prefab
  artifactKey: Guid(570b6fee700ce7e4fb2a945352efd3d8) Importer(815301076,1909f56bfc062723c751e8b465ee728b)
Start importing Assets/Script/GUIManager/Prefab/SampleGUI.prefab using Guid(570b6fee700ce7e4fb2a945352efd3d8) Importer(815301076,1909f56bfc062723c751e8b465ee728b)  -> (artifact id: 'fd8c557a3f5c4d0bdd7724a406de4d82') in 0.006825 seconds 
========================================================================
Received Prepare
Registering precompiled user dll's ...
Registered in 0.007611 seconds.
Begin MonoManager ReloadAssembly
Symbol file LoadedFromMemory doesn't match image C:\Users\jsh99\Desktop\capstone\GUIManager\GUIManager\GUIManager\Library\PackageCache\com.unity.visualscripting@1.8.0\Editor\VisualScripting.Core\Dependencies\YamlDotNet\Unity.VisualScripting.YamlDotNet.dll
Symbol file LoadedFromMemory doesn't match image C:\Users\jsh99\Desktop\capstone\GUIManager\GUIManager\GUIManager\Library\PackageCache\com.unity.visualscripting@1.8.0\Editor\VisualScripting.Core\Dependencies\DotNetZip\Unity.VisualScripting.IonicZip.dll
Native extension for WindowsStandalone target not found
Refreshing native plugins compatible for Editor in 0.99 ms, found 3 plugins.
Preloading 0 native plugins for Editor in 0.00 ms.
Mono: successfully reloaded assembly
- Completed reload, in  1.429 seconds
Domain Reload Profiling:
	ReloadAssembly (1430ms)
		BeginReloadAssembly (188ms)
			ExecutionOrderSort (0ms)
			DisableScriptedObjects (8ms)
			BackupInstance (0ms)
			ReleaseScriptingObjects (0ms)
			CreateAndSetChildDomain (44ms)
		EndReloadAssembly (1112ms)
			LoadAssemblies (122ms)
			RebuildTransferFunctionScriptingTraits (0ms)
			SetupTypeCache (367ms)
			ReleaseScriptCaches (1ms)
			RebuildScriptCaches (70ms)
			SetupLoadedEditorAssemblies (484ms)
				LogAssemblyErrors (0ms)
				InitializePlatformSupportModulesInManaged (11ms)
				SetLoadedEditorAssemblies (1ms)
				RefreshPlugins (1ms)
				BeforeProcessingInitializeOnLoad (107ms)
				ProcessInitializeOnLoadAttributes (317ms)
				ProcessInitializeOnLoadMethodAttributes (30ms)
				AfterProcessingInitializeOnLoad (17ms)
				EditorAssembliesLoaded (0ms)
			ExecutionOrderSort2 (0ms)
			AwakeInstancesAfterBackupRestoration (11ms)
Platform modules already initialized, skipping
Refreshing native plugins compatible for Editor in 2.31 ms, found 3 plugins.
Preloading 0 native plugins for Editor in 0.00 ms.
Unloading 3046 Unused Serialized files (Serialized files now loaded: 0)
Unloading 17 unused Assets / (79.8 KB). Loaded Objects now: 3520.
Memory consumption went from 107.5 MB to 107.5 MB.
Total: 4.006800 ms (FindLiveObjects: 0.330500 ms CreateObjectMapping: 0.184300 ms MarkObjects: 3.304500 ms  DeleteObjects: 0.186000 ms)

AssetImportParameters requested are different than current active one (requested -> active):
  custom:video-decoder-ogg-theora: a1e56fd34408186e4bbccfd4996cb3dc -> 
  custom:container-muxer-webm: aa71ff27fc2769a1b78a27578f13a17b -> 
  custom:container-demuxer-webm: 4f35f7cbe854078d1ac9338744f61a02 -> 
  custom:video-encoder-webm-vp8: eb34c28f22e8b96e1ab97ce403110664 -> 
  custom:audio-encoder-webm-vorbis: bf7c407c2cedff20999df2af8eb42d56 -> 
  custom:framework-win-MediaFoundation: 216162199b28c13a410421893ffa2e32 -> 
  custom:container-demuxer-ogg: 62fdf1f143b41e24485cea50d1cbac27 -> 
  custom:video-decoder-webm-vp8: 9c59270c3fd7afecdb556c50c9e8de78 -> 
  custom:audio-decoder-ogg-vorbis: bf7c407c2cedff20999df2af8eb42d56 -> 
========================================================================
Received Import Request.
  Time since last request: 301.529234 seconds.
  path: Assets/Script/GUIManager/Prefab/SampleGUI.prefab
  artifactKey: Guid(570b6fee700ce7e4fb2a945352efd3d8) Importer(815301076,1909f56bfc062723c751e8b465ee728b)
Start importing Assets/Script/GUIManager/Prefab/SampleGUI.prefab using Guid(570b6fee700ce7e4fb2a945352efd3d8) Importer(815301076,1909f56bfc062723c751e8b465ee728b)  -> (artifact id: 'f154948535a9389c44eb990c89b66268') in 0.907240 seconds 
========================================================================
Received Import Request.
  Time since last request: 0.010441 seconds.
  path: Assets/Script/GUIManager/Script/ButtonSoundCtrl.cs
  artifactKey: Guid(1efb23277f971ef46a6fa8b05a16cd7b) Importer(815301076,1909f56bfc062723c751e8b465ee728b)
Start importing Assets/Script/GUIManager/Script/ButtonSoundCtrl.cs using Guid(1efb23277f971ef46a6fa8b05a16cd7b) Importer(815301076,1909f56bfc062723c751e8b465ee728b)  -> (artifact id: '168944069bd529e3d0e71f3c9f0101e6') in 0.008743 seconds 
========================================================================
Received Import Request.
  Time since last request: 0.000777 seconds.
  path: Assets/Script/GUIManager/Texture/buttonHoverSample.png
  artifactKey: Guid(6deb7079c2a193a4e93a096639de0a8e) Importer(815301076,1909f56bfc062723c751e8b465ee728b)
Start importing Assets/Script/GUIManager/Texture/buttonHoverSample.png using Guid(6deb7079c2a193a4e93a096639de0a8e) Importer(815301076,1909f56bfc062723c751e8b465ee728b)  -> (artifact id: '745a37dd9819750f7ac8b096d9d92ec0') in 0.188155 seconds 
========================================================================
Received Import Request.
  Time since last request: 0.003241 seconds.
  path: Assets/Script/GUIManager/Texture/buttonIdleSample.png
  artifactKey: Guid(5c492a6cc54a0c54997d926484089328) Importer(815301076,1909f56bfc062723c751e8b465ee728b)
Start importing Assets/Script/GUIManager/Texture/buttonIdleSample.png using Guid(5c492a6cc54a0c54997d926484089328) Importer(815301076,1909f56bfc062723c751e8b465ee728b)  -> (artifact id: '231fe36c259e706fac5c7d055cb671cd') in 0.012677 seconds 
========================================================================
Received Import Request.
  Time since last request: 0.001572 seconds.
  path: Assets/Script/GUIManager/Script/ButtonHover.cs
  artifactKey: Guid(50c13ed7acfebf145a4403ef3a238bb4) Importer(815301076,1909f56bfc062723c751e8b465ee728b)
Start importing Assets/Script/GUIManager/Script/ButtonHover.cs using Guid(50c13ed7acfebf145a4403ef3a238bb4) Importer(815301076,1909f56bfc062723c751e8b465ee728b)  -> (artifact id: '3d5ac13cb2d88672c735861e1559264c') in 0.010443 seconds 
========================================================================
Received Import Request.
  Time since last request: 0.005372 seconds.
  path: Assets/Script/GUIManager/Buttons/ButtonSample.prefab
  artifactKey: Guid(3657b265c171d254eb8feaa2b99acea6) Importer(815301076,1909f56bfc062723c751e8b465ee728b)
Start importing Assets/Script/GUIManager/Buttons/ButtonSample.prefab using Guid(3657b265c171d254eb8feaa2b99acea6) Importer(815301076,1909f56bfc062723c751e8b465ee728b)  -> (artifact id: '2444db8744abe7e3ba64b09ef9fd8734') in 0.010553 seconds 
========================================================================
Received Import Request.
  Time since last request: 0.000849 seconds.
  path: Assets/Script/GUIManager/Script/PanelManager.cs
  artifactKey: Guid(df87eedba5cce9e4093d1e662e9a71a7) Importer(815301076,1909f56bfc062723c751e8b465ee728b)
Start importing Assets/Script/GUIManager/Script/PanelManager.cs using Guid(df87eedba5cce9e4093d1e662e9a71a7) Importer(815301076,1909f56bfc062723c751e8b465ee728b)  -> (artifact id: '4e04110c3fd84cefa9bb9cae6a9155b5') in 0.007857 seconds 
========================================================================
Received Import Request.
  Time since last request: 0.000678 seconds.
  path: Assets/Script/GUIManager/Script
  artifactKey: Guid(0d6974f4c5ab0004d9f915454b7e0079) Importer(815301076,1909f56bfc062723c751e8b465ee728b)
Start importing Assets/Script/GUIManager/Script using Guid(0d6974f4c5ab0004d9f915454b7e0079) Importer(815301076,1909f56bfc062723c751e8b465ee728b)  -> (artifact id: '56a3612a1cc11a80b2b2aa3bcd0478f1') in 0.008408 seconds 
========================================================================
Received Prepare
Registering precompiled user dll's ...
Registered in 0.008054 seconds.
Begin MonoManager ReloadAssembly
Symbol file LoadedFromMemory doesn't match image C:\Users\jsh99\Desktop\capstone\GUIManager\GUIManager\GUIManager\Library\PackageCache\com.unity.visualscripting@1.8.0\Editor\VisualScripting.Core\Dependencies\YamlDotNet\Unity.VisualScripting.YamlDotNet.dll
Symbol file LoadedFromMemory doesn't match image C:\Users\jsh99\Desktop\capstone\GUIManager\GUIManager\GUIManager\Library\PackageCache\com.unity.visualscripting@1.8.0\Editor\VisualScripting.Core\Dependencies\DotNetZip\Unity.VisualScripting.IonicZip.dll
Native extension for WindowsStandalone target not found
Refreshing native plugins compatible for Editor in 0.86 ms, found 3 plugins.
Preloading 0 native plugins for Editor in 0.00 ms.
Mono: successfully reloaded assembly
- Completed reload, in  1.442 seconds
Domain Reload Profiling:
	ReloadAssembly (1443ms)
		BeginReloadAssembly (167ms)
			ExecutionOrderSort (0ms)
			DisableScriptedObjects (6ms)
			BackupInstance (0ms)
			ReleaseScriptingObjects (0ms)
			CreateAndSetChildDomain (38ms)
		EndReloadAssembly (1130ms)
			LoadAssemblies (113ms)
			RebuildTransferFunctionScriptingTraits (0ms)
			SetupTypeCache (369ms)
			ReleaseScriptCaches (2ms)
			RebuildScriptCaches (67ms)
			SetupLoadedEditorAssemblies (502ms)
				LogAssemblyErrors (0ms)
				InitializePlatformSupportModulesInManaged (11ms)
				SetLoadedEditorAssemblies (1ms)
				RefreshPlugins (1ms)
				BeforeProcessingInitializeOnLoad (112ms)
				ProcessInitializeOnLoadAttributes (330ms)
				ProcessInitializeOnLoadMethodAttributes (32ms)
				AfterProcessingInitializeOnLoad (15ms)
				EditorAssembliesLoaded (0ms)
			ExecutionOrderSort2 (0ms)
			AwakeInstancesAfterBackupRestoration (10ms)
Platform modules already initialized, skipping
Refreshing native plugins compatible for Editor in 3.20 ms, found 3 plugins.
Preloading 0 native plugins for Editor in 0.00 ms.
Unloading 3046 Unused Serialized files (Serialized files now loaded: 0)
Unloading 17 unused Assets / (79.9 KB). Loaded Objects now: 3525.
Memory consumption went from 107.6 MB to 107.5 MB.
Total: 4.013300 ms (FindLiveObjects: 0.352100 ms CreateObjectMapping: 0.485600 ms MarkObjects: 3.082700 ms  DeleteObjects: 0.091500 ms)

AssetImportParameters requested are different than current active one (requested -> active):
  custom:video-decoder-ogg-theora: a1e56fd34408186e4bbccfd4996cb3dc -> 
  custom:container-muxer-webm: aa71ff27fc2769a1b78a27578f13a17b -> 
  custom:container-demuxer-webm: 4f35f7cbe854078d1ac9338744f61a02 -> 
  custom:video-encoder-webm-vp8: eb34c28f22e8b96e1ab97ce403110664 -> 
  custom:audio-encoder-webm-vorbis: bf7c407c2cedff20999df2af8eb42d56 -> 
  custom:framework-win-MediaFoundation: 216162199b28c13a410421893ffa2e32 -> 
  custom:container-demuxer-ogg: 62fdf1f143b41e24485cea50d1cbac27 -> 
  custom:video-decoder-webm-vp8: 9c59270c3fd7afecdb556c50c9e8de78 -> 
  custom:audio-decoder-ogg-vorbis: bf7c407c2cedff20999df2af8eb42d56 -> 
